<?xml version="1.0" encoding="UTF-8"?>
<!-- Generated by org.testng.reporters.JUnitReportReporter -->
<testsuite hostname="DESKTOP-75NCCHF" failures="0" tests="2" name="TestRunner.RunnerTest" time="16.107" errors="0" timestamp="14 Jan 2024 13:29:25 GMT" skipped="0">
  <testcase classname="TestRunner.RunnerTest" name="runScenario" time="2.794"/>
  <testcase classname="TestRunner.RunnerTest" name="runScenario" time="13.313"/>
</testsuite> <!-- TestRunner.RunnerTest -->
