<?xml version="1.0" encoding="UTF-8"?>
<!-- Generated by org.testng.reporters.JUnitReportReporter -->
<testsuite hostname="Rushikesh" failures="0" tests="3" name="TestRunner.RunnerTest" time="30.566" errors="0" timestamp="14 Jan 2024 14:06:31 GMT" skipped="0">
  <testcase classname="TestRunner.RunnerTest" name="runScenario" time="16.978"/>
  <testcase classname="TestRunner.RunnerTest" name="runScenario" time="11.342"/>
  <testcase classname="TestRunner.RunnerTest" name="runScenario" time="2.246"/>
</testsuite> <!-- TestRunner.RunnerTest -->
