<?xml version="1.0" encoding="UTF-8"?>
<!-- Generated by org.testng.reporters.JUnitReportReporter -->
<testsuite hostname="DESKTOP-75NCCHF" failures="0" tests="4" name="TestRunner.RunnerTest" time="47.561" errors="0" timestamp="14 Jan 2024 14:25:03 GMT" skipped="0">
  <testcase classname="TestRunner.RunnerTest" name="runScenario" time="24.240"/>
  <testcase classname="TestRunner.RunnerTest" name="runScenario" time="12.219"/>
  <testcase classname="TestRunner.RunnerTest" name="runScenario" time="1.944"/>
  <testcase classname="TestRunner.RunnerTest" name="runScenario" time="9.158"/>
</testsuite> <!-- TestRunner.RunnerTest -->
