<?xml version="1.0" encoding="UTF-8"?>
<!-- Generated by org.testng.reporters.JUnitReportReporter -->
<testsuite hostname="Rushikesh" failures="0" tests="5" name="TestRunner.RunnerTest" time="43.798" errors="0" timestamp="14 Jan 2024 14:44:26 GMT" skipped="0">
  <testcase classname="TestRunner.RunnerTest" name="runScenario" time="2.052"/>
  <testcase classname="TestRunner.RunnerTest" name="runScenario" time="9.581"/>
  <testcase classname="TestRunner.RunnerTest" name="runScenario" time="5.237"/>
  <testcase classname="TestRunner.RunnerTest" name="runScenario" time="15.372"/>
  <testcase classname="TestRunner.RunnerTest" name="runScenario" time="11.556"/>
</testsuite> <!-- TestRunner.RunnerTest -->
